生成启动时间为 2019/7/1 14:38:45。
     1>项目“D:\GaiaQuote\TP\DataSource\DataSource\DataSource.vcxproj”在节点 2 上(Build 个目标)。
     1>Link:
         C:\Program Files (x86)\Microsoft Visual Studio 11.0\VC\bin\link.exe /ERRORREPORT:PROMPT /OUT:"D:\GaiaQuote\TP\DataSource\Debug\DataSource.exe" /INCREMENTAL /NOLOGO kernel32.lib user32.lib gdi32.lib winspool.lib comdlg32.lib advapi32.lib shell32.lib ole32.lib oleaut32.lib uuid.lib odbc32.lib odbccp32.lib /NODEFAULTLIB:owmath.lib /MANIFEST /MANIFESTUAC:"level='asInvoker' uiAccess='false'" /manifest:embed /DEBUG /PDB:"D:\GaiaQuote\TP\DataSource\Debug\DataSource.pdb" /SUBSYSTEM:CONSOLE /TLBID:1 /DYNAMICBASE /NXCOMPAT /MACHINE:X86 /SAFESEH Debug\DataSource.obj
         Debug\RabbitmqCustomer.obj
         Debug\RabbitmqProducter.obj
         Debug\stdafx.obj
         Debug\BaseService.obj
         Debug\Binary.obj
         Debug\ClientBaseService.obj
         Debug\CMessage.obj
         Debug\MessageListener.obj
         Debug\NodeService.obj
         Debug\SocketArray.obj
         Debug\CBase64.obj
         Debug\Client.obj
         Debug\Clients.obj
         Debug\owsock.obj
         Debug\Server.obj
         Debug\Servers.obj
         Debug\CFile.obj
         Debug\CLock.obj
         Debug\CStr.obj
         Debug\Dump.obj
         Debug\PublicMethod.obj
         Debug\RedisHelper.obj
         Debug\Convert.obj
         Debug\DataCenter.obj
         Debug\TraderDataManager.obj
         Debug\IPConfig.obj
         Debug\ConnectProxy.obj
         Debug\Router.obj
         Debug\TraderQueryService.obj
         Debug\TraderUpdateService.obj
         Debug\CBean.obj
         Debug\MysqlHelper.obj
         Debug\MysqlHelperPool.obj
         Debug\RedisDataManager.obj
         Debug\async.obj
         Debug\dict.obj
         Debug\hiredis.obj
         Debug\net.obj
         Debug\sds.obj
         Debug\win32fixes.obj
     1>DataSource.obj : warning LNK4075: 忽略“/EDITANDCONTINUE”(由于“/SAFESEH”规范)
            正在创建库 D:\GaiaQuote\TP\DataSource\Debug\DataSource.lib 和对象 D:\GaiaQuote\TP\DataSource\Debug\DataSource.exp
     1>RabbitmqCustomer.obj : error LNK2019: 无法解析的外部符号 _amqp_channel_open，该符号在函数 "public: bool __thiscall RabbitmqCustomer::ConnectRabbitmq(void)" (?ConnectRabbitmq@RabbitmqCustomer@@QAE_NXZ) 中被引用
     1>RabbitmqProducter.obj : error LNK2001: 无法解析的外部符号 _amqp_channel_open
     1>RabbitmqCustomer.obj : error LNK2019: 无法解析的外部符号 _amqp_basic_consume，该符号在函数 "public: bool __thiscall RabbitmqCustomer::StartConsumer(char *)" (?StartConsumer@RabbitmqCustomer@@QAE_NPAD@Z) 中被引用
     1>RabbitmqCustomer.obj : error LNK2019: 无法解析的外部符号 _amqp_cstring_bytes，该符号在函数 "public: bool __thiscall RabbitmqCustomer::StartConsumer(char *)" (?StartConsumer@RabbitmqCustomer@@QAE_NPAD@Z) 中被引用
     1>RabbitmqProducter.obj : error LNK2001: 无法解析的外部符号 _amqp_cstring_bytes
     1>RabbitmqCustomer.obj : error LNK2019: 无法解析的外部符号 _amqp_new_connection，该符号在函数 "public: bool __thiscall RabbitmqCustomer::ConnectRabbitmq(void)" (?ConnectRabbitmq@RabbitmqCustomer@@QAE_NXZ) 中被引用
     1>RabbitmqProducter.obj : error LNK2001: 无法解析的外部符号 _amqp_new_connection
     1>RabbitmqCustomer.obj : error LNK2019: 无法解析的外部符号 _amqp_destroy_connection，该符号在函数 "public: void __thiscall RabbitmqCustomer::CloseConnect(void)" (?CloseConnect@RabbitmqCustomer@@QAEXXZ) 中被引用
     1>RabbitmqCustomer.obj : error LNK2019: 无法解析的外部符号 _amqp_maybe_release_buffers，该符号在函数 "public: bool __thiscall RabbitmqCustomer::StartConsumer(char *)" (?StartConsumer@RabbitmqCustomer@@QAE_NPAD@Z) 中被引用
     1>RabbitmqCustomer.obj : error LNK2019: 无法解析的外部符号 _amqp_get_rpc_reply，该符号在函数 "public: bool __thiscall RabbitmqCustomer::ConnectRabbitmq(void)" (?ConnectRabbitmq@RabbitmqCustomer@@QAE_NXZ) 中被引用
     1>RabbitmqProducter.obj : error LNK2001: 无法解析的外部符号 _amqp_get_rpc_reply
     1>RabbitmqCustomer.obj : error LNK2019: 无法解析的外部符号 _amqp_login，该符号在函数 "public: bool __thiscall RabbitmqCustomer::ConnectRabbitmq(void)" (?ConnectRabbitmq@RabbitmqCustomer@@QAE_NXZ) 中被引用
     1>RabbitmqProducter.obj : error LNK2001: 无法解析的外部符号 _amqp_login
     1>RabbitmqCustomer.obj : error LNK2019: 无法解析的外部符号 _amqp_channel_close，该符号在函数 "public: void __thiscall RabbitmqCustomer::CloseConnect(void)" (?CloseConnect@RabbitmqCustomer@@QAEXXZ) 中被引用
     1>RabbitmqCustomer.obj : error LNK2019: 无法解析的外部符号 _amqp_connection_close，该符号在函数 "public: void __thiscall RabbitmqCustomer::CloseConnect(void)" (?CloseConnect@RabbitmqCustomer@@QAEXXZ) 中被引用
     1>RabbitmqCustomer.obj : error LNK2019: 无法解析的外部符号 _amqp_consume_message，该符号在函数 "public: bool __thiscall RabbitmqCustomer::StartConsumer(char *)" (?StartConsumer@RabbitmqCustomer@@QAE_NPAD@Z) 中被引用
     1>RabbitmqCustomer.obj : error LNK2019: 无法解析的外部符号 _amqp_destroy_envelope，该符号在函数 "public: bool __thiscall RabbitmqCustomer::StartConsumer(char *)" (?StartConsumer@RabbitmqCustomer@@QAE_NPAD@Z) 中被引用
     1>RabbitmqCustomer.obj : error LNK2019: 无法解析的外部符号 _amqp_socket_open，该符号在函数 "public: bool __thiscall RabbitmqCustomer::ConnectRabbitmq(void)" (?ConnectRabbitmq@RabbitmqCustomer@@QAE_NXZ) 中被引用
     1>RabbitmqProducter.obj : error LNK2001: 无法解析的外部符号 _amqp_socket_open
     1>RabbitmqCustomer.obj : error LNK2019: 无法解析的外部符号 _amqp_tcp_socket_new，该符号在函数 "public: bool __thiscall RabbitmqCustomer::ConnectRabbitmq(void)" (?ConnectRabbitmq@RabbitmqCustomer@@QAE_NXZ) 中被引用
     1>RabbitmqProducter.obj : error LNK2001: 无法解析的外部符号 _amqp_tcp_socket_new
     1>RabbitmqCustomer.obj : error LNK2001: 无法解析的外部符号 __imp__amqp_empty_bytes
     1>RabbitmqCustomer.obj : error LNK2001: 无法解析的外部符号 __imp__amqp_empty_table
     1>RabbitmqProducter.obj : error LNK2001: 无法解析的外部符号 __imp__amqp_empty_table
     1>RabbitmqProducter.obj : error LNK2019: 无法解析的外部符号 _amqp_queue_declare，该符号在函数 "public: void __thiscall RabbitmqProducter::init_rabbit_mq(char *,unsigned int,char *,char *,char *)" (?init_rabbit_mq@RabbitmqProducter@@QAEXPADI000@Z) 中被引用
     1>RabbitmqProducter.obj : error LNK2019: 无法解析的外部符号 _amqp_basic_publish，该符号在函数 "public: void __thiscall RabbitmqProducter::send_to_rabbit_mq(char const *)" (?send_to_rabbit_mq@RabbitmqProducter@@QAEXPBD@Z) 中被引用
     1>RabbitmqProducter.obj : error LNK2019: 无法解析的外部符号 _amqp_error_string2，该符号在函数 "public: void __thiscall RabbitmqProducter::on_amqp_error(struct amqp_rpc_reply_t_,char const *)" (?on_amqp_error@RabbitmqProducter@@QAEXUamqp_rpc_reply_t_@@PBD@Z) 中被引用
     1>CStr.obj : error LNK2019: 无法解析的外部符号 _deflate，该符号在函数 "public: static int __cdecl CStrA::GZCompress(unsigned char *,unsigned long,unsigned char *,unsigned long *)" (?GZCompress@CStrA@@SAHPAEK0PAK@Z) 中被引用
     1>CStr.obj : error LNK2019: 无法解析的外部符号 _deflateEnd，该符号在函数 "public: static int __cdecl CStrA::GZCompress(unsigned char *,unsigned long,unsigned char *,unsigned long *)" (?GZCompress@CStrA@@SAHPAEK0PAK@Z) 中被引用
     1>CStr.obj : error LNK2019: 无法解析的外部符号 _inflate，该符号在函数 "public: static int __cdecl CStrA::GZDeCompress(unsigned char *,unsigned long,unsigned char *,unsigned long *)" (?GZDeCompress@CStrA@@SAHPAEK0PAK@Z) 中被引用
     1>CStr.obj : error LNK2019: 无法解析的外部符号 _inflateEnd，该符号在函数 "public: static int __cdecl CStrA::GZDeCompress(unsigned char *,unsigned long,unsigned char *,unsigned long *)" (?GZDeCompress@CStrA@@SAHPAEK0PAK@Z) 中被引用
     1>CStr.obj : error LNK2019: 无法解析的外部符号 _compress，该符号在函数 "public: static int __cdecl CStrA::Compress(unsigned char *,unsigned long,unsigned char *,unsigned long *)" (?Compress@CStrA@@SAHPAEK0PAK@Z) 中被引用
     1>CStr.obj : error LNK2019: 无法解析的外部符号 _uncompress，该符号在函数 "public: static int __cdecl CStrA::DeCompress(unsigned char *,unsigned long,unsigned char *,unsigned long *)" (?DeCompress@CStrA@@SAHPAEK0PAK@Z) 中被引用
     1>CStr.obj : error LNK2019: 无法解析的外部符号 _deflateInit2_，该符号在函数 "public: static int __cdecl CStrA::GZCompress(unsigned char *,unsigned long,unsigned char *,unsigned long *)" (?GZCompress@CStrA@@SAHPAEK0PAK@Z) 中被引用
     1>CStr.obj : error LNK2019: 无法解析的外部符号 _inflateInit2_，该符号在函数 "public: static int __cdecl CStrA::GZDeCompress(unsigned char *,unsigned long,unsigned char *,unsigned long *)" (?GZDeCompress@CStrA@@SAHPAEK0PAK@Z) 中被引用
     1>MysqlHelper.obj : error LNK2019: 无法解析的外部符号 _mysql_num_fields@4，该符号在函数 "public: bool __thiscall MysqlHelper::QueryDatabase(char const *,class std::vector<class std::vector<class std::basic_string<char,struct std::char_traits<char>,class std::allocator<char> >,class std::allocator<class std::basic_string<char,struct std::char_traits<char>,class std::allocator<char> > > >,class std::allocator<class std::vector<class std::basic_string<char,struct std::char_traits<char>,class std::allocator<char> >,class std::allocator<class std::basic_string<char,struct std::char_traits<char>,class std::allocator<char> > > > > > &)" (?QueryDatabase@MysqlHelper@@QAE_NPBDAAV?$vector@V?$vector@V?$basic_string@DU?$char_traits@D@std@@V?$allocator@D@2@@std@@V?$allocator@V?$basic_string@DU?$char_traits@D@std@@V?$allocator@D@2@@std@@@2@@std@@V?$allocator@V?$vector@V?$basic_string@DU?$char_traits@D@std@@V?$allocator@D@2@@std@@V?$allocator@V?$basic_string@DU?$char_traits@D@std@@V?$allocator@D@2@@std@@@2@@std@@@2@@std@@@Z) 中被引用
     1>MysqlHelper.obj : error LNK2019: 无法解析的外部符号 _mysql_field_count@4，该符号在函数 "public: bool __thiscall MysqlHelper::Query(char const *,class std::vector<class std::map<class std::basic_string<char,struct std::char_traits<char>,class std::allocator<char> >,class std::basic_string<char,struct std::char_traits<char>,class std::allocator<char> >,struct std::less<class std::basic_string<char,struct std::char_traits<char>,class std::allocator<char> > >,class std::allocator<struct std::pair<class std::basic_string<char,struct std::char_traits<char>,class std::allocator<char> > const ,class std::basic_string<char,struct std::char_traits<char>,class std::allocator<char> > > > > *,class std::allocator<class std::map<class std::basic_string<char,struct std::char_traits<char>,class std::allocator<char> >,class std::basic_string<char,struct std::char_traits<char>,class std::allocator<char> >,struct std::less<class std::basic_string<char,struct std::char_traits<char>,class std::allocator<char> > >,class std::allocator<struct std::pair<class std::basic_string<char,struct std::char_traits<char>,class std::allocator<char> > const ,class std::basic_string<char,struct std::char_traits<char>,class std::allocator<char> > > > > *> > *)" (?Query@MysqlHelper@@QAE_NPBDPAV?$vector@PAV?$map@V?$basic_string@DU?$char_traits@D@std@@V?$allocator@D@2@@std@@V12@U?$less@V?$basic_string@DU?$char_traits@D@std@@V?$allocator@D@2@@std@@@2@V?$allocator@U?$pair@$$CBV?$basic_string@DU?$char_traits@D@std@@V?$allocator@D@2@@std@@V12@@std@@@2@@std@@V?$allocator@PAV?$map@V?$basic_string@DU?$char_traits@D@std@@V?$allocator@D@2@@std@@V12@U?$less@V?$basic_string@DU?$char_traits@D@std@@V?$allocator@D@2@@std@@@2@V?$allocator@U?$pair@$$CBV?$basic_string@DU?$char_traits@D@std@@V?$allocator@D@2@@std@@V12@@std@@@2@@std@@@2@@std@@@Z) 中被引用
     1>MysqlHelper.obj : error LNK2019: 无法解析的外部符号 _mysql_affected_rows@4，该符号在函数 "public: int __thiscall MysqlHelper::Exec(char const *)" (?Exec@MysqlHelper@@QAEHPBD@Z) 中被引用
     1>MysqlHelper.obj : error LNK2019: 无法解析的外部符号 _mysql_error@4，该符号在函数 "public: bool __thiscall MysqlHelper::Connect(char const *,int,char const *,char const *,char const *)" (?Connect@MysqlHelper@@QAE_NPBDH000@Z) 中被引用
     1>MysqlHelper.obj : error LNK2019: 无法解析的外部符号 _mysql_init@4，该符号在函数 "public: bool __thiscall MysqlHelper::Connect(char const *,int,char const *,char const *,char const *)" (?Connect@MysqlHelper@@QAE_NPBDH000@Z) 中被引用
     1>MysqlHelper.obj : error LNK2019: 无法解析的外部符号 _mysql_real_connect@32，该符号在函数 "public: bool __thiscall MysqlHelper::Connect(char const *,int,char const *,char const *,char const *)" (?Connect@MysqlHelper@@QAE_NPBDH000@Z) 中被引用
     1>MysqlHelper.obj : error LNK2019: 无法解析的外部符号 _mysql_query@8，该符号在函数 "public: bool __thiscall MysqlHelper::CreatedbTable(char const *)" (?CreatedbTable@MysqlHelper@@QAE_NPBD@Z) 中被引用
     1>MysqlHelper.obj : error LNK2019: 无法解析的外部符号 _mysql_store_result@4，该符号在函数 "public: bool __thiscall MysqlHelper::Query(char const *,class std::vector<class std::map<class std::basic_string<char,struct std::char_traits<char>,class std::allocator<char> >,class std::basic_string<char,struct std::char_traits<char>,class std::allocator<char> >,struct std::less<class std::basic_string<char,struct std::char_traits<char>,class std::allocator<char> > >,class std::allocator<struct std::pair<class std::basic_string<char,struct std::char_traits<char>,class std::allocator<char> > const ,class std::basic_string<char,struct std::char_traits<char>,class std::allocator<char> > > > > *,class std::allocator<class std::map<class std::basic_string<char,struct std::char_traits<char>,class std::allocator<char> >,class std::basic_string<char,struct std::char_traits<char>,class std::allocator<char> >,struct std::less<class std::basic_string<char,struct std::char_traits<char>,class std::allocator<char> > >,class std::allocator<struct std::pair<class std::basic_string<char,struct std::char_traits<char>,class std::allocator<char> > const ,class std::basic_string<char,struct std::char_traits<char>,class std::allocator<char> > > > > *> > *)" (?Query@MysqlHelper@@QAE_NPBDPAV?$vector@PAV?$map@V?$basic_string@DU?$char_traits@D@std@@V?$allocator@D@2@@std@@V12@U?$less@V?$basic_string@DU?$char_traits@D@std@@V?$allocator@D@2@@std@@@2@V?$allocator@U?$pair@$$CBV?$basic_string@DU?$char_traits@D@std@@V?$allocator@D@2@@std@@V12@@std@@@2@@std@@V?$allocator@PAV?$map@V?$basic_string@DU?$char_traits@D@std@@V?$allocator@D@2@@std@@V12@U?$less@V?$basic_string@DU?$char_traits@D@std@@V?$allocator@D@2@@std@@@2@V?$allocator@U?$pair@$$CBV?$basic_string@DU?$char_traits@D@std@@V?$allocator@D@2@@std@@V12@@std@@@2@@std@@@2@@std@@@Z) 中被引用
     1>MysqlHelper.obj : error LNK2019: 无法解析的外部符号 _mysql_free_result@4，该符号在函数 "public: bool __thiscall MysqlHelper::Query(char const *,class std::vector<class std::map<class std::basic_string<char,struct std::char_traits<char>,class std::allocator<char> >,class std::basic_string<char,struct std::char_traits<char>,class std::allocator<char> >,struct std::less<class std::basic_string<char,struct std::char_traits<char>,class std::allocator<char> > >,class std::allocator<struct std::pair<class std::basic_string<char,struct std::char_traits<char>,class std::allocator<char> > const ,class std::basic_string<char,struct std::char_traits<char>,class std::allocator<char> > > > > *,class std::allocator<class std::map<class std::basic_string<char,struct std::char_traits<char>,class std::allocator<char> >,class std::basic_string<char,struct std::char_traits<char>,class std::allocator<char> >,struct std::less<class std::basic_string<char,struct std::char_traits<char>,class std::allocator<char> > >,class std::allocator<struct std::pair<class std::basic_string<char,struct std::char_traits<char>,class std::allocator<char> > const ,class std::basic_string<char,struct std::char_traits<char>,class std::allocator<char> > > > > *> > *)" (?Query@MysqlHelper@@QAE_NPBDPAV?$vector@PAV?$map@V?$basic_string@DU?$char_traits@D@std@@V?$allocator@D@2@@std@@V12@U?$less@V?$basic_string@DU?$char_traits@D@std@@V?$allocator@D@2@@std@@@2@V?$allocator@U?$pair@$$CBV?$basic_string@DU?$char_traits@D@std@@V?$allocator@D@2@@std@@V12@@std@@@2@@std@@V?$allocator@PAV?$map@V?$basic_string@DU?$char_traits@D@std@@V?$allocator@D@2@@std@@V12@U?$less@V?$basic_string@DU?$char_traits@D@std@@V?$allocator@D@2@@std@@@2@V?$allocator@U?$pair@$$CBV?$basic_string@DU?$char_traits@D@std@@V?$allocator@D@2@@std@@V12@@std@@@2@@std@@@2@@std@@@Z) 中被引用
     1>MysqlHelper.obj : error LNK2019: 无法解析的外部符号 _mysql_fetch_row@4，该符号在函数 "public: bool __thiscall MysqlHelper::Query(char const *,class std::vector<class std::map<class std::basic_string<char,struct std::char_traits<char>,class std::allocator<char> >,class std::basic_string<char,struct std::char_traits<char>,class std::allocator<char> >,struct std::less<class std::basic_string<char,struct std::char_traits<char>,class std::allocator<char> > >,class std::allocator<struct std::pair<class std::basic_string<char,struct std::char_traits<char>,class std::allocator<char> > const ,class std::basic_string<char,struct std::char_traits<char>,class std::allocator<char> > > > > *,class std::allocator<class std::map<class std::basic_string<char,struct std::char_traits<char>,class std::allocator<char> >,class std::basic_string<char,struct std::char_traits<char>,class std::allocator<char> >,struct std::less<class std::basic_string<char,struct std::char_traits<char>,class std::allocator<char> > >,class std::allocator<struct std::pair<class std::basic_string<char,struct std::char_traits<char>,class std::allocator<char> > const ,class std::basic_string<char,struct std::char_traits<char>,class std::allocator<char> > > > > *> > *)" (?Query@MysqlHelper@@QAE_NPBDPAV?$vector@PAV?$map@V?$basic_string@DU?$char_traits@D@std@@V?$allocator@D@2@@std@@V12@U?$less@V?$basic_string@DU?$char_traits@D@std@@V?$allocator@D@2@@std@@@2@V?$allocator@U?$pair@$$CBV?$basic_string@DU?$char_traits@D@std@@V?$allocator@D@2@@std@@V12@@std@@@2@@std@@V?$allocator@PAV?$map@V?$basic_string@DU?$char_traits@D@std@@V?$allocator@D@2@@std@@V12@U?$less@V?$basic_string@DU?$char_traits@D@std@@V?$allocator@D@2@@std@@@2@V?$allocator@U?$pair@$$CBV?$basic_string@DU?$char_traits@D@std@@V?$allocator@D@2@@std@@V12@@std@@@2@@std@@@2@@std@@@Z) 中被引用
     1>MysqlHelper.obj : error LNK2019: 无法解析的外部符号 _mysql_fetch_field@4，该符号在函数 "public: bool __thiscall MysqlHelper::Query(char const *,class std::vector<class std::map<class std::basic_string<char,struct std::char_traits<char>,class std::allocator<char> >,class std::basic_string<char,struct std::char_traits<char>,class std::allocator<char> >,struct std::less<class std::basic_string<char,struct std::char_traits<char>,class std::allocator<char> > >,class std::allocator<struct std::pair<class std::basic_string<char,struct std::char_traits<char>,class std::allocator<char> > const ,class std::basic_string<char,struct std::char_traits<char>,class std::allocator<char> > > > > *,class std::allocator<class std::map<class std::basic_string<char,struct std::char_traits<char>,class std::allocator<char> >,class std::basic_string<char,struct std::char_traits<char>,class std::allocator<char> >,struct std::less<class std::basic_string<char,struct std::char_traits<char>,class std::allocator<char> > >,class std::allocator<struct std::pair<class std::basic_string<char,struct std::char_traits<char>,class std::allocator<char> > const ,class std::basic_string<char,struct std::char_traits<char>,class std::allocator<char> > > > > *> > *)" (?Query@MysqlHelper@@QAE_NPBDPAV?$vector@PAV?$map@V?$basic_string@DU?$char_traits@D@std@@V?$allocator@D@2@@std@@V12@U?$less@V?$basic_string@DU?$char_traits@D@std@@V?$allocator@D@2@@std@@@2@V?$allocator@U?$pair@$$CBV?$basic_string@DU?$char_traits@D@std@@V?$allocator@D@2@@std@@V12@@std@@@2@@std@@V?$allocator@PAV?$map@V?$basic_string@DU?$char_traits@D@std@@V?$allocator@D@2@@std@@V12@U?$less@V?$basic_string@DU?$char_traits@D@std@@V?$allocator@D@2@@std@@@2@V?$allocator@U?$pair@$$CBV?$basic_string@DU?$char_traits@D@std@@V?$allocator@D@2@@std@@V12@@std@@@2@@std@@@2@@std@@@Z) 中被引用
     1>MysqlHelper.obj : error LNK2019: 无法解析的外部符号 _mysql_commit@4，该符号在函数 "public: bool __thiscall MysqlHelper::ExecTransaction(char * *,int)" (?ExecTransaction@MysqlHelper@@QAE_NPAPADH@Z) 中被引用
     1>MysqlHelper.obj : error LNK2019: 无法解析的外部符号 _mysql_rollback@4，该符号在函数 "public: bool __thiscall MysqlHelper::ExecTransaction(char * *,int)" (?ExecTransaction@MysqlHelper@@QAE_NPAPADH@Z) 中被引用
     1>MysqlHelper.obj : error LNK2019: 无法解析的外部符号 _mysql_autocommit@8，该符号在函数 "public: bool __thiscall MysqlHelper::ExecTransaction(char * *,int)" (?ExecTransaction@MysqlHelper@@QAE_NPAPADH@Z) 中被引用
     1>MysqlHelper.obj : error LNK2019: 无法解析的外部符号 _mysql_close@4，该符号在函数 "public: virtual __thiscall MysqlHelper::~MysqlHelper(void)" (??1MysqlHelper@@UAE@XZ) 中被引用
     1>D:\GaiaQuote\TP\DataSource\Debug\DataSource.exe : fatal error LNK1120: 42 个无法解析的外部命令
     1>已完成生成项目“D:\GaiaQuote\TP\DataSource\DataSource\DataSource.vcxproj”(Build 个目标)的操作 - 失败。

生成失败。

已用时间 00:00:00.40
